2024-07-16 09:14:58 - Operation: login, Data: essam,1234
2024-07-16 09:16:00 - Operation: login, Data: ahmed,1234
2024-07-16 09:19:55 - Operation: login, Data: essam,1234
2024-07-16 09:19:56 - Operation: getAccountNumber, Data: essam
2024-07-16 09:20:03 - Operation: login, Data: ahmed,1234
2024-07-16 09:20:05 - Operation: getAccountNumber, Data: ahmed
2024-07-16 09:20:09 - Operation: getAccountNumber, Data: essam
2024-07-16 09:20:10 - Operation: getAccountNumber, Data: ahmed
2024-07-16 09:20:12 - Operation: transactionHistory, Data: 203040
2024-07-16 09:20:13 - Operation: transactionHistory, Data: 202100
2024-07-16 09:20:29 - Operation: makeTransaction, Data: -200,202100
2024-07-16 09:30:42 - Operation: tranferAmount, Data: 202100,203040,1000,U5SRE2X7vWW+MP5ExhBVqdDXk6uDhkw2AH8whXLVumU=
2024-07-16 09:30:48 - Operation: logout, Data: essam
2024-07-16 09:30:48 - Operation: logout, Data: essam
2024-07-16 09:30:55 - Operation: login, Data: ahmed,1234
2024-07-16 09:31:01 - Operation: login, Data: mohamed,3456
2024-07-16 09:31:07 - Operation: getAccountNumber, Data: ahmed,admin
2024-07-16 09:31:14 - Operation: getAccountBalance, Data: 203040,admin
2024-07-16 09:31:21 - Operation: transactionHistory, Data: 203040
2024-07-16 09:31:33 - Operation: viewBankDB, Data: 
2024-07-16 09:31:45 - Operation: logout, Data: mohamed
2024-07-16 09:31:45 - Operation: logout, Data: mohamed
2024-07-16 09:31:47 - Operation: logout, Data: ahmed
2024-07-16 09:31:47 - Operation: logout, Data: ahmed
2024-07-17 02:02:14 - Operation: login, Data: essam,1234
2024-07-17 02:03:43 - Operation: login, Data: essam,1234
2024-07-17 02:42:01 - Operation: login, Data: essam,1234
2024-07-17 02:42:03 - Operation: getAccountBalance, Data: 202100
2024-07-17 02:43:01 - Operation: logout, Data: essam
2024-07-17 02:43:01 - Operation: logout, Data: essam
2024-07-17 02:43:31 - Operation: login, Data: essam,1234
2024-07-17 02:43:33 - Operation: getAccountBalance, Data: 202100
2024-07-17 02:45:58 - Operation: login, Data: essam,1234
2024-07-17 02:46:00 - Operation: getAccountBalance, Data: 202100
2024-07-17 02:47:21 - Operation: getAccountBalance, Data: 202100
2024-07-17 02:47:33 - Operation: logout, Data: essam
2024-07-17 02:47:33 - Operation: logout, Data: essam
2024-07-17 02:55:54 - Operation: login, Data: essam,1234
2024-07-17 02:55:55 - Operation: getAccountBalance, Data: 202100
2024-07-17 02:56:28 - Operation: getAccountBalance, Data: 202100
2024-07-17 02:57:22 - Operation: logout, Data: essam
2024-07-17 02:57:22 - Operation: logout, Data: essam
2024-07-17 02:57:49 - Operation: login, Data: essam,1234
2024-07-17 02:57:50 - Operation: getAccountBalance, Data: 202100
2024-07-17 02:59:29 - Operation: logout, Data: essam
2024-07-17 02:59:29 - Operation: logout, Data: essam
2024-07-17 02:59:50 - Operation: login, Data: essam,1234
2024-07-17 02:59:52 - Operation: getAccountBalance, Data: 202100
2024-07-17 03:00:07 - Operation: logout, Data: essam
2024-07-17 03:00:07 - Operation: logout, Data: essam
2024-07-17 03:59:08 - Operation: login, Data: essam,1234
2024-07-17 03:59:10 - Operation: logout, Data: essam
2024-07-17 03:59:10 - Operation: logout, Data: essam
2024-07-17 03:59:15 - Operation: login, Data: essam,1234
2024-07-17 03:59:18 - Operation: logout, Data: essam
2024-07-17 03:59:18 - Operation: logout, Data: essam
2024-07-17 21:54:27 - Operation: login, Data: essam,1234
2024-07-17 21:54:36 - Operation: login, Data: ahmed,1234
2024-07-17 21:54:39 - Operation: getAccountNumber, Data: essam
2024-07-17 21:54:40 - Operation: getAccountNumber, Data: ahmed
2024-07-17 21:54:46 - Operation: getAccountBalance, Data: 202100
2024-07-17 21:54:54 - Operation: transactionHistory, Data: 202100
2024-07-17 21:54:55 - Operation: transactionHistory, Data: 203040
2024-07-17 21:55:02 - Operation: makeTransaction, Data: 200,202100
2024-07-17 21:55:10 - Operation: makeTransaction, Data: 1000,203040
2024-07-17 21:55:16 - Operation: makeTransaction, Data: -100,202100
2024-07-17 21:55:23 - Operation: makeTransaction, Data: -300,203040
2024-07-17 21:55:41 - Operation: tranferAmount, Data: 202100,203040,500,U5SRE2X7vWW+MP5ExhBVqdDXk6uDhkw2AH8whXLVumU=
2024-07-17 21:55:57 - Operation: tranferAmount, Data: 203040,202100,1000,ynWlAtX4Xvoc7bszONUej2wWx1i2ME0sFZTFeCszIDY=
2024-07-17 21:56:01 - Operation: transactionHistory, Data: 203040
2024-07-17 21:56:03 - Operation: transactionHistory, Data: 202100
2024-07-17 21:56:18 - Operation: logout, Data: ahmed
2024-07-17 21:56:18 - Operation: logout, Data: ahmed
2024-07-17 21:56:27 - Operation: login, Data: mohamed,3456
2024-07-17 21:56:34 - Operation: getAccountBalance, Data: 202100,admin
2024-07-17 21:56:54 - Operation: transactionHistory, Data: 202100
2024-07-17 21:57:06 - Operation: makeTransaction, Data: -100,202100
2024-07-17 21:57:15 - Operation: transactionHistory, Data: 202100
2024-07-17 21:57:18 - Operation: logout, Data: mohamed
2024-07-17 21:57:18 - Operation: logout, Data: mohamed
2024-07-17 21:57:23 - Operation: logout, Data: essam
2024-07-17 21:57:23 - Operation: logout, Data: essam
2024-07-18 00:16:01 - Operation: login, Data: essam,1234
2024-07-18 00:16:15 - Operation: logout, Data: essam
2024-07-18 00:16:15 - Operation: logout, Data: essam
2024-07-19 15:56:48 - Operation: login, Data: essam,1234
2024-07-19 15:57:04 - Operation: tranferAmount, Data: 202100,203040,600,U5SRE2X7vWW+MP5ExhBVqdDXk6uDhkw2AH8whXLVumU=
2024-07-19 15:57:11 - Operation: logout, Data: essam
2024-07-19 15:57:18 - Operation: login, Data: mohamed,3456
2024-07-19 15:58:02 - Operation: createUser, Data: magdy,1111,1111,magdy megz,19,magdy@gmail.com
0IksN0P73u8bmycq3EIXP+7UcRtceureG5eWv5DFnQE=
2024-07-19 15:58:10 - Operation: logout, Data: mohamed
2024-07-19 15:58:24 - Operation: login, Data: magdy,1111
2024-07-19 15:58:35 - Operation: tranferAmount, Data: 361222,100,202100,0IksN0P73u8bmycq3EIXP+7UcRtceureG5eWv5DFnQE=
2024-07-19 15:58:54 - Operation: tranferAmount, Data: 361222,202100,100,0IksN0P73u8bmycq3EIXP+7UcRtceureG5eWv5DFnQE=
2024-07-19 15:59:16 - Operation: logout, Data: magdy
2024-07-19 18:45:04 - Operation: login, Data: essam,1234
2024-07-19 18:45:07 - Operation: getAccountNumber, Data: essam
2024-07-19 18:45:09 - Operation: transactionHistory, Data: 202100
2024-07-19 18:45:13 - Operation: makeTransaction, Data: -100,202100
2024-07-19 18:45:14 - Operation: transactionHistory, Data: 202100
2024-07-19 18:45:20 - Operation: logout, Data: essam
2024-07-20 16:23:03 - Operation: login, Data: essa,greg
2024-07-20 16:23:08 - Operation: login, Data: essam,1234
2024-07-20 16:23:10 - Operation: getAccountNumber, Data: essam
2024-07-20 16:23:11 - Operation: getAccountBalance, Data: 202100
2024-07-20 16:23:38 - Operation: makeTransaction, Data: 100,202100
2024-07-20 16:23:50 - Operation: makeTransaction, Data: -20,202100
2024-07-20 16:32:18 - Operation: tranferAmount, Data: 202100,203040,300,U5SRE2X7vWW+MP5ExhBVqdDXk6uDhkw2AH8whXLVumU=
2024-07-20 16:32:40 - Operation: logout, Data: essam
2024-07-20 16:33:05 - Operation: login, Data: mohamed,3456
2024-07-20 16:33:15 - Operation: getAccountNumber, Data: essam,admin
2024-07-20 16:33:19 - Operation: getAccountBalance, Data: 202100,admin
2024-07-20 16:33:31 - Operation: transactionHistory, Data: 202100
2024-07-20 16:33:40 - Operation: viewBankDB, Data: 
2024-07-20 16:33:43 - Operation: viewBankDB, Data: 
2024-07-20 16:33:50 - Operation: logout, Data: mohamed
