2024-07-06 08:43:00 - Operation: login, Data: essam,1234
2024-07-06 08:43:06 - Operation: getAccountNumber, Data: essam,1234
2024-07-06 08:43:10 - Operation: getAccountBalance, Data: essam,1234
2024-07-06 08:43:15 - Operation: makeTransaction, Data: essam,1234
2024-07-06 08:43:20 - Operation: transactionHistory, Data: essam,1234
2024-07-06 08:43:20 - Operation: transactionHistory, Data: essam,1234
2024-07-06 08:43:20 - Operation: transactionHistory, Data: essam,1234
2024-07-06 08:43:25 - Operation: deleteUser, Data: essam,1234
2024-07-06 08:43:33 - Operation: logout, Data: essam
2024-07-06 09:46:09 - Operation: login, Data: essam,1234
2024-07-06 09:46:26 - Operation: getAccountNumber, Data: essam,1234
2024-07-06 09:46:55 - Operation: getAccountNumber, Data: essam,1234
2024-07-06 09:47:34 - Operation: getAccountBalance, Data: essam,1234
2024-07-06 10:55:01 - Operation: login, Data: essam,1234
2024-07-06 10:55:13 - Operation: getAccountBalance, Data: essam,1234
2024-07-06 11:05:16 - Operation: getAccountBalance, Data: essam,1234
2024-07-06 11:21:16 - Operation: login, Data: essam,1234
2024-07-06 11:21:21 - Operation: login, Data: essam,1234
2024-07-06 11:21:25 - Operation: getAccountBalance, Data: essam,1234
2024-07-06 11:49:41 - Operation: login, Data: essam,1234
2024-07-06 11:49:47 - Operation: login, Data: essam,1234
2024-07-06 11:50:33 - Operation: getAccountBalance, Data: essam,1234
2024-07-06 11:54:00 - Operation: login, Data: essam,1234
2024-07-06 11:54:06 - Operation: getAccountBalance, Data: essam,1234
2024-07-06 23:10:39 - Operation: login, Data: essam,1234
2024-07-06 23:10:51 - Operation: getAccountNumber, Data: essam,1234
2024-07-06 23:10:58 - Operation: getAccountBalance, Data: essam,1234
2024-07-06 23:11:10 - Operation: makeTransaction, Data: essam,1234
2024-07-06 23:11:16 - Operation: tranferAmount, Data: essam,1234
2024-07-06 23:11:17 - Operation: tranferAmount, Data: essam,1234
2024-07-06 23:11:20 - Operation: tranferAmount, Data: essam,1234
2024-07-06 23:11:25 - Operation: transactionHistory, Data: essam,1234
2024-07-06 23:11:42 - Operation: deleteUser, Data: essam,1234
2024-07-06 23:11:54 - Operation: viewBankDB, Data: essam,1234
2024-07-06 23:12:59 - Operation: logout, Data: essam
2024-07-07 00:11:33 - Operation: updateUser, Data: essam,1234
2024-07-07 00:13:38 - Operation: logout, Data: essam
2024-07-07 00:13:56 - Operation: updateUser, Data: essam,1234
2024-07-07 00:14:03 - Operation: updateUser, Data: essam,1234
2024-07-07 00:14:11 - Operation: updateUser, Data: essam,1234
2024-07-07 00:14:22 - Operation: logout, Data: essam
2024-07-07 01:12:50 - Operation: createUser, Data: essam,1234
2024-07-07 01:13:12 - Operation: createUser, Data: essam,1234
2024-07-07 01:13:15 - Operation: createUser, Data: essam,1234
2024-07-07 01:13:23 - Operation: logout, Data: essam
2024-07-07 01:53:37 - Operation: getAccountBalance, Data: essam,1234
2024-07-07 02:08:18 - Operation: getAccountBalance, Data: essam,1234
2024-07-07 02:09:48 - Operation: getAccountBalance, Data: essam,1234
2024-07-07 02:11:00 - Operation: getAccountBalance, Data: essam,1234
2024-07-07 02:18:52 - Operation: getAccountBalance, Data: essam,1234
2024-07-07 02:34:19 - Operation: logout, Data: essam
2024-07-07 03:06:28 - Operation: getAccountBalance, Data: essam,1234
2024-07-07 03:15:29 - Operation: logout, Data: essam
2024-07-08 01:20:52 - Operation: transactionHistory, Data: essam,1234
2024-07-08 01:21:14 - Operation: login, Data: essam,1234
2024-07-08 01:21:29 - Operation: transactionHistory, Data: essam,1234
2024-07-08 01:22:24 - Operation: getAccountNumber, Data: essam,1234
2024-07-08 01:22:39 - Operation: getAccountBalance, Data: essam,1234
2024-07-08 01:22:51 - Operation: makeTransaction, Data: essam,1234
2024-07-08 01:23:05 - Operation: tranferAmount, Data: essam,1234
2024-07-08 01:23:19 - Operation: transactionHistory, Data: essam,1234
2024-07-08 01:23:50 - Operation: transactionHistory, Data: essam,1234
2024-07-08 01:23:53 - Operation: transactionHistory, Data: essam,1234
2024-07-08 01:23:53 - Operation: transactionHistory, Data: essam,1234
2024-07-08 01:24:07 - Operation: makeTransaction, Data: essam,1234
2024-07-08 01:24:12 - Operation: transactionHistory, Data: essam,1234
2024-07-08 01:26:48 - Operation: tranferAmount, Data: essam,1234
2024-07-08 01:26:52 - Operation: tranferAmount, Data: essam,1234
2024-07-08 01:27:05 - Operation: transactionHistory, Data: essam,1234
2024-07-08 02:11:20 - Operation: viewBankDB, Data: essam,1234
2024-07-08 02:11:45 - Operation: makeTransaction, Data: essam,1234
2024-07-08 02:11:46 - Operation: makeTransaction, Data: essam,1234
2024-07-08 02:11:47 - Operation: makeTransaction, Data: essam,1234
2024-07-08 02:11:55 - Operation: viewBankDB, Data: essam,1234
2024-07-08 05:18:08 - Operation: login, Data: {"file_data":"essam,1234","file_size":10,"request_type":"login"}
2024-07-08 05:21:49 - Operation: login, Data: {"file_data":"essam,1234","file_size":10,"request_type":"login"}
2024-07-08 05:24:07 - Operation: logout, Data: 
2024-07-08 05:24:26 - Operation: login, Data: {"file_data":"essam,1234","file_size":10,"request_type":"login"}
2024-07-08 05:25:53 - Operation: logout, Data: 
2024-07-08 05:26:15 - Operation: login, Data: {"file_data":"essam,1234","file_size":10,"request_type":"login"}
2024-07-08 05:27:41 - Operation: logout, Data: 
2024-07-08 05:28:05 - Operation: login, Data: essam,e223
2024-07-08 05:28:13 - Operation: login, Data: essam,1234
2024-07-08 05:32:38 - Operation: login, Data: essam,123d
2024-07-08 05:32:45 - Operation: login, Data: essam,1234
2024-07-08 05:37:13 - Operation: logout, Data: 
2024-07-08 05:37:29 - Operation: login, Data: essam,1234
2024-07-08 05:37:42 - Operation: login, Data: essam,1234
2024-07-08 05:38:27 - Operation: logout, Data: 
2024-07-08 05:50:37 - Operation: login, Data: essam,1234
2024-07-08 05:50:58 - Operation: logout, Data: 
2024-07-08 05:52:05 - Operation: login, Data: essam,1234
2024-07-08 05:52:08 - Operation: logout, Data: 
2024-07-08 05:52:14 - Operation: login, Data: essam,1324
2024-07-08 05:52:24 - Operation: login, Data: essam,1234
2024-07-08 05:52:38 - Operation: login, Data: mohamed,3456
2024-07-08 05:53:05 - Operation: logout, Data: 
2024-07-08 05:53:40 - Operation: login, Data: essam,1234
2024-07-08 06:01:37 - Operation: login, Data: essam,1234
2024-07-08 06:05:19 - Operation: login, Data: essam,1234
2024-07-08 06:06:02 - Operation: login, Data: essam,1234
2024-07-08 06:06:10 - Operation: login, Data: essam,1234
2024-07-08 23:45:22 - Operation: login, Data: essam,1234
2024-07-08 23:45:41 - Operation: login, Data: essam,1234
2024-07-08 23:45:55 - Operation: logout, Data: 
2024-07-08 23:48:32 - Operation: login, Data: essam,1234
2024-07-08 23:51:02 - Operation: logout, Data: 
2024-07-08 23:51:21 - Operation: login, Data: essam,1234
2024-07-08 23:53:56 - Operation: login, Data: essam,1234
2024-07-08 23:54:54 - Operation: login, Data: essam,1234
2024-07-08 23:55:10 - Operation: logout, Data: essam
2024-07-08 23:55:33 - Operation: login, Data: uky,uky
2024-07-08 23:56:00 - Operation: login, Data: essam,1234
2024-07-08 23:56:27 - Operation: login, Data: mohamed,3456
2024-07-08 23:57:33 - Operation: login, Data: mohamed,3456
2024-07-08 23:57:41 - Operation: login, Data: mohamed,3456
2024-07-08 23:58:12 - Operation: login, Data: essam,1234
2024-07-08 23:58:15 - Operation: logout, Data: essam
2024-07-09 00:18:27 - Operation: login, Data: essam,ewd
2024-07-09 00:18:37 - Operation: login, Data: essam,1234
2024-07-09 00:18:58 - Operation: login, Data: mohamed,1234
2024-07-09 00:19:08 - Operation: login, Data: mohamed,3456
2024-07-09 00:19:38 - Operation: login, Data: essam,1234
2024-07-09 00:20:27 - Operation: login, Data: essam,1234
2024-07-09 00:21:02 - Operation: login, Data: essam,1234
2024-07-09 00:21:11 - Operation: login, Data: essam,1234
2024-07-09 00:21:28 - Operation: login, Data: essam,1234
2024-07-09 00:21:36 - Operation: login, Data: essam,1234
2024-07-09 00:22:29 - Operation: login, Data: essam,1234
2024-07-09 00:27:55 - Operation: login, Data: essam,1234
2024-07-09 00:27:56 - Operation: logout, Data: essam
2024-07-09 00:28:17 - Operation: login, Data: essam,1234
2024-07-09 00:28:19 - Operation: logout, Data: essam
2024-07-09 00:28:27 - Operation: login, Data: essam,1234
2024-07-09 00:28:40 - Operation: login, Data: mohamed,3456
2024-07-09 00:28:47 - Operation: logout, Data: essam
2024-07-09 00:30:35 - Operation: login, Data: essam,1234
2024-07-09 00:30:37 - Operation: logout, Data: essam
2024-07-09 00:31:51 - Operation: login, Data: essam,1234
2024-07-09 00:31:52 - Operation: logout, Data: essam
2024-07-09 00:35:35 - Operation: login, Data: essam,1234
2024-07-09 00:35:45 - Operation: login, Data: mohamed,3456
2024-07-09 00:35:52 - Operation: logout, Data: mohamed
2024-07-09 00:35:56 - Operation: logout, Data: essam
2024-07-09 00:52:43 - Operation: login, Data: essam,1234
2024-07-09 00:52:47 - Operation: logout, Data: essam
2024-07-09 01:30:41 - Operation: login, Data: essam,1234
2024-07-09 01:30:43 - Operation: getAccountNumber, Data: essam
2024-07-09 01:30:50 - Operation: logout, Data: essam
2024-07-09 03:21:17 - Operation: login, Data: essam,1234
2024-07-09 03:21:20 - Operation: getAccountNumber, Data: essam
2024-07-09 03:21:22 - Operation: logout, Data: essam
2024-07-09 03:36:10 - Operation: login, Data: essam,1234
2024-07-09 03:36:12 - Operation: login, Data: maged,3010
2024-07-09 03:36:17 - Operation: getAccountNumber, Data: essam
2024-07-09 03:36:18 - Operation: getAccountNumber, Data: maged
2024-07-09 03:36:28 - Operation: getAccountBalance, Data: 202100
2024-07-09 03:36:30 - Operation: getAccountBalance, Data: 203040
2024-07-09 03:38:33 - Operation: logout, Data: maged
2024-07-09 03:38:37 - Operation: logout, Data: essam
2024-07-09 03:39:04 - Operation: login, Data: essam,1234
2024-07-09 03:39:06 - Operation: getAccountNumber, Data: essam
2024-07-09 03:39:08 - Operation: getAccountBalance, Data: 202100
2024-07-09 03:39:23 - Operation: logout, Data: essam
2024-07-09 03:40:35 - Operation: login, Data: essam,1234
2024-07-09 03:40:37 - Operation: getAccountBalance, Data: 202100
2024-07-09 03:45:28 - Operation: login, Data: essam,1234
2024-07-09 03:45:32 - Operation: getAccountNumber, Data: essam
2024-07-09 03:45:35 - Operation: getAccountBalance, Data: 202100
2024-07-09 03:45:48 - Operation: logout, Data: essam
2024-07-09 04:07:53 - Operation: login, Data: essam,1234
2024-07-09 04:07:56 - Operation: getAccountNumber, Data: essam
2024-07-09 04:07:58 - Operation: getAccountBalance, Data: 202100
2024-07-09 04:08:03 - Operation: logout, Data: essam
2024-07-09 05:10:30 - Operation: login, Data: essam,1234
2024-07-09 05:10:32 - Operation: getAccountNumber, Data: essam
2024-07-09 05:10:52 - Operation: makeTransaction, Data: 1000,202100
2024-07-09 05:11:14 - Operation: makeTransaction, Data: -1000,202100
2024-07-09 05:11:21 - Operation: logout, Data: essam
2024-07-09 05:59:39 - Operation: login, Data: essam,1234
2024-07-09 05:59:42 - Operation: getAccountNumber, Data: essam
2024-07-09 05:59:51 - Operation: makeTransaction, Data: 1000,202100
2024-07-09 06:00:10 - Operation: tranferAmount, Data: 202100,203040,2000
2024-07-09 06:01:45 - Operation: login, Data: essam,1234
2024-07-09 06:02:01 - Operation: tranferAmount, Data: 202100,203040,5000
2024-07-09 06:02:23 - Operation: tranferAmount, Data: 202100,203040,5000
2024-07-09 06:02:30 - Operation: tranferAmount, Data: 202100,203040,1000
2024-07-09 06:02:43 - Operation: logout, Data: essam
2024-07-09 23:23:56 - Operation: login, Data: essam,1234
2024-07-09 23:24:10 - Operation: makeTransaction, Data: 1000,202100
2024-07-09 23:24:19 - Operation: makeTransaction, Data: -500,202100
2024-07-09 23:24:29 - Operation: tranferAmount, Data: 202100,203040,200
2024-07-09 23:24:39 - Operation: transactionHistory, Data: 202100
2024-07-09 23:47:49 - Operation: login, Data: essam,1234
2024-07-09 23:47:52 - Operation: getAccountNumber, Data: essam
2024-07-09 23:47:58 - Operation: makeTransaction, Data: 1000,202100
2024-07-09 23:48:04 - Operation: makeTransaction, Data: 1000,202100
2024-07-09 23:48:08 - Operation: makeTransaction, Data: -500,202100
2024-07-09 23:48:17 - Operation: tranferAmount, Data: 202100,203040,200
2024-07-09 23:48:24 - Operation: transactionHistory, Data: 202100
2024-07-09 23:49:07 - Operation: logout, Data: essam
2024-07-09 23:52:01 - Operation: login, Data: essam,1234
2024-07-09 23:52:03 - Operation: transactionHistory, Data: 202100
2024-07-09 23:52:35 - Operation: logout, Data: essam
2024-07-09 23:55:39 - Operation: login, Data: essam,1234
2024-07-09 23:55:41 - Operation: transactionHistory, Data: 202100
2024-07-09 23:56:30 - Operation: login, Data: mohamed,3456
2024-07-09 23:56:32 - Operation: logout, Data: mohamed
2024-07-09 23:57:02 - Operation: login, Data: maged,3010
2024-07-09 23:57:04 - Operation: transactionHistory, Data: 203040
2024-07-09 23:58:09 - Operation: login, Data: essam,1234
2024-07-09 23:58:23 - Operation: transactionHistory, Data: 203040
2024-07-09 23:58:24 - Operation: transactionHistory, Data: 202100
2024-07-10 00:00:12 - Operation: transactionHistory, Data: 203040
2024-07-10 00:00:18 - Operation: transactionHistory, Data: 203040
2024-07-10 00:00:23 - Operation: logout, Data: maged
2024-07-10 00:00:27 - Operation: logout, Data: essam
2024-07-10 00:00:57 - Operation: login, Data: maged,3010
2024-07-10 00:01:00 - Operation: transactionHistory, Data: 203040
2024-07-10 00:01:16 - Operation: logout, Data: maged
2024-07-10 00:01:24 - Operation: login, Data: maged,3010
2024-07-10 00:01:25 - Operation: transactionHistory, Data: 203040
2024-07-10 00:06:42 - Operation: login, Data: maged,3010
2024-07-10 00:06:45 - Operation: transactionHistory, Data: 203040
2024-07-10 00:06:50 - Operation: logout, Data: maged
2024-07-10 00:06:55 - Operation: login, Data: essam,1234
2024-07-10 00:06:57 - Operation: transactionHistory, Data: 202100
2024-07-10 00:07:08 - Operation: logout, Data: essam
2024-07-10 00:17:18 - Operation: login, Data: mohamed,3456
2024-07-10 00:17:19 - Operation: logout, Data: mohamed
2024-07-10 00:19:35 - Operation: login, Data: mohamed,3456
2024-07-10 00:19:41 - Operation: logout, Data: mohamed
2024-07-10 00:58:54 - Operation: login, Data: mohamed,3456
2024-07-10 00:59:03 - Operation: getAccountNumber, Data: essam
2024-07-10 00:59:06 - Operation: logout, Data: mohamed
2024-07-10 00:59:47 - Operation: login, Data: mohamed,3456
2024-07-10 01:00:03 - Operation: getAccountNumber, Data: mohamed
2024-07-10 01:00:05 - Operation: logout, Data: mohamed
2024-07-10 01:13:29 - Operation: login, Data: mohamed,3456
2024-07-10 01:13:53 - Operation: getAccountNumber, Data: essam
2024-07-10 01:13:56 - Operation: logout, Data: mohamed
2024-07-10 03:58:10 - Operation: login, Data: mohamed,3456
2024-07-10 03:58:18 - Operation: getAccountNumber, Data: essam
2024-07-10 03:58:42 - Operation: getAccountBalance, Data: 202100,admin
2024-07-10 03:58:59 - Operation: logout, Data: mohamed
2024-07-10 03:59:03 - Operation: login, Data: essam,1234
2024-07-10 03:59:05 - Operation: getAccountBalance, Data: 202100
2024-07-10 03:59:08 - Operation: getAccountBalance, Data: 202100
2024-07-10 04:01:00 - Operation: logout, Data: essam
2024-07-10 04:03:06 - Operation: login, Data: essam,1234
2024-07-10 04:03:08 - Operation: getAccountBalance, Data: 202100
2024-07-10 04:07:51 - Operation: login, Data: mohamed,3456
2024-07-10 04:08:01 - Operation: getAccountBalance, Data: 202100,admin
2024-07-10 04:10:58 - Operation: logout, Data: mohamed
2024-07-10 04:11:19 - Operation: login, Data: mohamed,3456
2024-07-10 04:11:24 - Operation: getAccountBalance, Data: 543245,admin
2024-07-10 04:11:43 - Operation: getAccountBalance, Data: 444555,admin
2024-07-10 04:11:54 - Operation: getAccountBalance, Data: 202100,admin
2024-07-10 04:12:11 - Operation: getAccountBalance, Data: 202100,admin
2024-07-10 04:12:18 - Operation: getAccountBalance, Data: 202100,admin
2024-07-10 04:12:24 - Operation: logout, Data: mohamed
2024-07-10 04:12:30 - Operation: login, Data: essam,1234
2024-07-10 04:12:49 - Operation: login, Data: essam,1234
2024-07-10 04:12:52 - Operation: getAccountBalance, Data: 202100
2024-07-10 04:13:18 - Operation: getAccountBalance, Data: 202100
2024-07-10 04:14:06 - Operation: getAccountBalance, Data: 202100
2024-07-10 04:15:17 - Operation: logout, Data: essam
2024-07-10 04:15:25 - Operation: login, Data: mohamed,3456
2024-07-10 04:15:31 - Operation: getAccountBalance, Data: 202100,admin
2024-07-10 04:15:46 - Operation: logout, Data: mohamed
2024-07-10 04:26:13 - Operation: login, Data: essam,1234
2024-07-10 04:26:15 - Operation: getAccountNumber, Data: essam
2024-07-10 04:26:18 - Operation: getAccountBalance, Data: 202100
2024-07-10 04:26:24 - Operation: transactionHistory, Data: 202100
2024-07-10 04:26:31 - Operation: makeTransaction, Data: -100,202100
2024-07-10 04:26:33 - Operation: transactionHistory, Data: 202100
2024-07-10 04:26:40 - Operation: logout, Data: essam
2024-07-10 04:26:46 - Operation: login, Data: mohamed,3456
2024-07-10 04:26:51 - Operation: getAccountNumber, Data: essam
2024-07-10 04:27:04 - Operation: getAccountNumber, Data: essam
2024-07-10 04:27:34 - Operation: getAccountBalance, Data: 202100,admin
2024-07-10 04:27:53 - Operation: logout, Data: mohamed
2024-07-10 04:28:11 - Operation: login, Data: mohamed,3456
2024-07-10 04:28:21 - Operation: getAccountNumber, Data: essam
2024-07-10 04:28:42 - Operation: getAccountNumber, Data: essam
2024-07-10 04:28:47 - Operation: logout, Data: mohamed
2024-07-10 04:29:47 - Operation: login, Data: mohamed,1234
2024-07-10 04:30:15 - Operation: login, Data: mohamed,3456
2024-07-10 04:30:24 - Operation: getAccountNumber, Data: essam
2024-07-10 04:30:37 - Operation: getAccountNumber, Data: essam
2024-07-10 04:30:49 - Operation: getAccountBalance, Data: 202100,admin
2024-07-10 04:30:51 - Operation: logout, Data: mohamed
2024-07-10 04:31:04 - Operation: login, Data: essam,1234
2024-07-10 04:31:06 - Operation: getAccountNumber, Data: essam
2024-07-10 04:31:08 - Operation: getAccountBalance, Data: 202100
2024-07-10 04:32:38 - Operation: logout, Data: essam
2024-07-10 04:51:03 - Operation: login, Data: essam,1234
2024-07-10 04:51:04 - Operation: getAccountNumber, Data: essam
2024-07-10 04:51:05 - Operation: getAccountBalance, Data: 202100
2024-07-10 04:51:10 - Operation: logout, Data: essam
2024-07-10 04:51:22 - Operation: login, Data: mohamed,3456
2024-07-10 04:51:27 - Operation: getAccountNumber, Data: essam,admin
2024-07-10 04:51:37 - Operation: getAccountBalance, Data: 202100,admin
2024-07-10 04:51:41 - Operation: logout, Data: mohamed
2024-07-10 04:55:58 - Operation: login, Data: essam,1234
2024-07-10 04:56:00 - Operation: getAccountNumber, Data: essam
2024-07-10 04:56:01 - Operation: getAccountBalance, Data: 202100
2024-07-10 04:56:05 - Operation: logout, Data: essam
2024-07-10 04:56:10 - Operation: login, Data: mohamed,3456
2024-07-10 04:56:17 - Operation: getAccountNumber, Data: essam,admin
2024-07-10 04:56:27 - Operation: getAccountNumber, Data: essadf,admin
2024-07-10 04:56:32 - Operation: getAccountNumber, Data: essam,admin
2024-07-10 04:56:38 - Operation: getAccountBalance, Data: 202100,admin
2024-07-10 04:56:41 - Operation: logout, Data: mohamed
2024-07-10 06:15:26 - Operation: login, Data: essam,1234
2024-07-10 06:15:28 - Operation: getAccountNumber, Data: essam
2024-07-10 06:15:29 - Operation: getAccountBalance, Data: 202100
2024-07-10 06:15:34 - Operation: transactionHistory, Data: 202100
2024-07-10 06:15:46 - Operation: makeTransaction, Data: 5000,202100
2024-07-10 06:16:04 - Operation: tranferAmount, Data: 202100,203040,500
2024-07-10 06:16:08 - Operation: transactionHistory, Data: 202100
2024-07-10 06:16:23 - Operation: logout, Data: essam
2024-07-10 06:16:34 - Operation: login, Data: mohamed,3456
2024-07-10 06:16:40 - Operation: getAccountNumber, Data: eewf,admin
2024-07-10 06:16:44 - Operation: getAccountNumber, Data: essam,admin
2024-07-10 06:16:51 - Operation: getAccountBalance, Data: 202100,admin
2024-07-10 06:16:58 - Operation: transactionHistory, Data: 202100
2024-07-10 06:17:20 - Operation: transactionHistory, Data: yuiuiy
2024-07-10 06:17:28 - Operation: transactionHistory, Data: 65549
2024-07-10 06:20:45 - Operation: login, Data: mohamed,3456
2024-07-10 06:20:56 - Operation: transactionHistory, Data: 202100
2024-07-10 06:21:00 - Operation: transactionHistory, Data: 546
2024-07-10 06:21:13 - Operation: logout, Data: mohamed
2024-07-10 06:24:13 - Operation: login, Data: mohamed,1234
2024-07-10 06:24:21 - Operation: login, Data: mohamed,3456
2024-07-10 06:24:35 - Operation: transactionHistory, Data: 202we
2024-07-10 06:24:46 - Operation: transactionHistory, Data: 202100
2024-07-10 06:24:49 - Operation: transactionHistory, Data: gfh
2024-07-10 06:24:55 - Operation: logout, Data: mohamed
2024-07-10 06:24:59 - Operation: login, Data: essam,1234
2024-07-10 06:25:17 - Operation: tranferAmount, Data: 202100,203040,100
2024-07-10 06:25:20 - Operation: transactionHistory, Data: 202100
2024-07-10 06:25:29 - Operation: getAccountNumber, Data: essam
2024-07-10 06:25:40 - Operation: makeTransaction, Data: 100,202100
2024-07-10 06:25:46 - Operation: logout, Data: essam
2024-07-10 06:25:51 - Operation: login, Data: dfs,sd
2024-07-10 06:25:57 - Operation: login, Data: essam,1234
2024-07-10 06:25:59 - Operation: logout, Data: essam
2024-07-10 06:26:03 - Operation: login, Data: essam,2354
2024-07-10 06:31:33 - Operation: login, Data: fwefa,fwe
2024-07-10 06:31:38 - Operation: login, Data: essam,23rfr
2024-07-10 06:31:46 - Operation: login, Data: essam,1234
2024-07-10 06:31:48 - Operation: getAccountNumber, Data: essam
2024-07-10 06:31:50 - Operation: transactionHistory, Data: 202100
2024-07-10 06:31:55 - Operation: logout, Data: essam
2024-07-10 06:32:10 - Operation: login, Data: mohamed,3456
2024-07-10 06:32:25 - Operation: logout, Data: mohamed
2024-07-10 07:26:38 - Operation: login, Data: mohamed,3456
2024-07-10 07:26:40 - Operation: viewBankDB, Data: 
2024-07-10 07:37:06 - Operation: logout, Data: mohamed
2024-07-10 07:39:56 - Operation: login, Data: mohamed,3456
2024-07-10 07:39:59 - Operation: viewBankDB, Data: 
2024-07-10 07:40:07 - Operation: logout, Data: mohamed
2024-07-10 07:41:08 - Operation: login, Data: mohamed,3456
2024-07-10 07:41:10 - Operation: viewBankDB, Data: 
2024-07-10 07:41:56 - Operation: logout, Data: mohamed
2024-07-10 07:43:33 - Operation: login, Data: mohamed,3456
2024-07-10 07:43:35 - Operation: viewBankDB, Data: 
2024-07-10 07:44:11 - Operation: logout, Data: mohamed
2024-07-10 07:55:30 - Operation: login, Data: mohamed,3456
2024-07-10 07:55:33 - Operation: viewBankDB, Data: 
2024-07-10 07:55:46 - Operation: transactionHistory, Data: 202100
2024-07-10 07:55:48 - Operation: logout, Data: mohamed
2024-07-10 07:57:17 - Operation: login, Data: essam,1234
2024-07-10 07:57:21 - Operation: transactionHistory, Data: 202100
2024-07-10 07:57:25 - Operation: getAccountBalance, Data: 202100
2024-07-10 07:57:29 - Operation: logout, Data: essam
2024-07-10 14:46:37 - Operation: login, Data: mohamed,3456
2024-07-10 14:47:36 - Operation: logout, Data: mohamed
2024-07-10 14:48:40 - Operation: login, Data: mohamed,3456
2024-07-10 14:49:14 - Operation: createUser, Data: essam,1234,252,mohanad adel,25,mohanad@gmail.com
2024-07-10 14:49:46 - Operation: logout, Data: mohamed
2024-07-10 14:50:59 - Operation: login, Data: mohamed,3456
2024-07-10 14:52:15 - Operation: logout, Data: mohamed
2024-07-10 14:52:28 - Operation: login, Data: mohamed,3456
2024-07-10 14:53:16 - Operation: createUser, Data: essam,1234,1234,mohanad adel,18,mohanad@gmail.com
2024-07-10 14:53:24 - Operation: createUser, Data: mohanad,1234,1234,mohanad adel,18,mohanad@gmail.com
2024-07-10 14:53:59 - Operation: logout, Data: mohamed
2024-07-10 16:48:24 - Operation: login, Data: essam,1234
2024-07-10 16:48:32 - Operation: login, Data: mohamed,3456
2024-07-10 16:48:35 - Operation: getAccountNumber, Data: essam
2024-07-10 16:48:41 - Operation: getAccountNumber, Data: essam
2024-07-10 16:48:43 - Operation: getAccountNumber, Data: essam,admin
2024-07-10 16:48:46 - Operation: getAccountBalance, Data: 202100
2024-07-10 16:48:49 - Operation: getAccountBalance, Data: 202100
2024-07-10 16:49:05 - Operation: getAccountNumber, Data: essam
2024-07-10 16:49:07 - Operation: getAccountBalance, Data: 202100,admin
2024-07-10 16:49:52 - Operation: makeTransaction, Data: -2000,202100
2024-07-10 16:50:09 - Operation: tranferAmount, Data: 202100,203040,1000
2024-07-10 16:50:15 - Operation: transactionHistory, Data: 202100
2024-07-10 16:50:40 - Operation: transactionHistory, Data: 202100
2024-07-10 16:52:09 - Operation: createUser, Data: essam,5555,5555,mohamed adel,25,adel@gamil.com
2024-07-10 16:52:19 - Operation: createUser, Data: adel,5555,5555,mohamed adel,25,adel@gamil.com
2024-07-10 16:52:27 - Operation: getAccountNumber, Data: adel,admin
2024-07-10 16:52:42 - Operation: getAccountBalance, Data: 411575,admin
2024-07-10 16:53:02 - Operation: tranferAmount, Data: 202100,411757,1000
2024-07-10 16:53:13 - Operation: tranferAmount, Data: 202100,411575,3000
2024-07-10 16:53:33 - Operation: getAccountBalance, Data: 411575,admin
2024-07-10 16:59:25 - Operation: logout, Data: mohamed
2024-07-10 16:59:28 - Operation: logout, Data: essam
2024-07-10 16:59:51 - Operation: login, Data: mohamed,3456
2024-07-10 17:04:17 - Operation: logout, Data: mohamed
2024-07-10 17:04:32 - Operation: login, Data: mohamed,3456
2024-07-10 17:05:29 - Operation: updateUser, Data: 411575,mds,22,mjb,5555,11,11
2024-07-10 17:05:54 - Operation: logout, Data: mohamed
2024-07-10 17:07:59 - Operation: login, Data: mohamed,3456
2024-07-10 17:08:16 - Operation: login, Data: mohamed,3456
2024-07-10 17:11:37 - Operation: logout, Data: mohamed
2024-07-10 17:11:54 - Operation: login, Data: mohamed,3456
2024-07-10 17:14:25 - Operation: logout, Data: mohamed
2024-07-10 17:14:47 - Operation: login, Data: mohamed,3456
2024-07-10 17:18:18 - Operation: logout, Data: mohamed
2024-07-10 17:18:35 - Operation: login, Data: mohamed,3456
2024-07-10 17:18:58 - Operation: updateUser, Data: 411575,mohamed adel el Kahtany,,,5555,,
2024-07-10 17:19:17 - Operation: logout, Data: mohamed
2024-07-10 17:19:28 - Operation: login, Data: mohamed,3456
2024-07-10 17:19:37 - Operation: deleteUser, Data: 411575
2024-07-10 17:19:49 - Operation: logout, Data: mohamed
2024-07-11 07:25:33 - Operation: login, Data: essam,1234
2024-07-11 07:27:31 - Operation: logout, Data: essam
2024-07-11 07:29:08 - Operation: login, Data: essam,1234
2024-07-11 07:29:14 - Operation: logout, Data: essam
2024-07-11 07:29:32 - Operation: login, Data: mohamed,3456
2024-07-11 07:29:45 - Operation: logout, Data: mohamed
2024-07-11 07:29:50 - Operation: login, Data: mohamed,3456
2024-07-11 07:29:52 - Operation: logout, Data: mohamed
2024-07-11 07:42:53 - Operation: login, Data: essam,1234
2024-07-11 07:43:20 - Operation: login, Data: mohamed,3456
2024-07-11 07:43:53 - Operation: getAccountNumber, Data: essam
2024-07-11 07:44:18 - Operation: logout, Data: essam
2024-07-11 07:44:28 - Operation: login, Data: essam,1234
2024-07-11 07:44:29 - Operation: getAccountNumber, Data: essam
2024-07-11 07:45:06 - Operation: getAccountBalance, Data: 202100
2024-07-11 07:46:26 - Operation: makeTransaction, Data: 5000,202100
2024-07-11 07:46:56 - Operation: makeTransaction, Data: -200,202100
2024-07-11 07:47:26 - Operation: tranferAmount, Data: 202100,203040,500
2024-07-11 07:47:55 - Operation: transactionHistory, Data: 202100
2024-07-11 07:49:10 - Operation: logout, Data: essam
2024-07-11 07:49:26 - Operation: login, Data: mohamed,rger
2024-07-11 07:49:37 - Operation: login, Data: mohamed,3456
2024-07-11 07:49:46 - Operation: login, Data: mohamed,3456
2024-07-11 07:49:52 - Operation: logout, Data: mohamed
2024-07-11 07:49:58 - Operation: login, Data: mohamed,3456
2024-07-11 07:50:16 - Operation: getAccountNumber, Data: essam,admin
2024-07-11 07:50:28 - Operation: getAccountBalance, Data: 202100,admin
2024-07-11 07:50:58 - Operation: transactionHistory, Data: 202100
2024-07-11 07:52:36 - Operation: createUser, Data: megzo,5555,5555,megz danial donatillo,25,mahmoud2magdy2ahmed@gmail.com
2024-07-11 07:53:10 - Operation: login, Data: megzo,5555
2024-07-11 07:53:17 - Operation: makeTransaction, Data: 2000,59396
2024-07-11 07:53:19 - Operation: getAccountBalance, Data: 59396
2024-07-11 07:53:36 - Operation: logout, Data: megzo
2024-07-11 07:54:16 - Operation: updateUser, Data: 59396,megz el Kahtany,,,5555,,
2024-07-11 07:54:21 - Operation: viewBankDB, Data: 
2024-07-11 07:55:49 - Operation: logout, Data: mohamed
2024-07-11 07:59:55 - Operation: login, Data: mohamed,3456
2024-07-11 08:00:54 - Operation: updateUser, Data: 59396,megzo el megzo,25,mahmoud2magdy2ahmed@gmail.com,,5555,5555
2024-07-11 08:01:44 - Operation: updateUser, Data: 59396,megzo el kha,,,,,
2024-07-11 08:01:54 - Operation: updateUser, Data: 59396,megzo el kha,,,5555,,
2024-07-11 08:02:05 - Operation: logout, Data: mohamed
2024-07-11 10:58:00 - Operation: login, Data: essam,1234
2024-07-11 10:58:15 - Operation: tranferAmount, Data: 202100,203040,200,U5SRE2X7vWW+MP5ExhBVqdDXk6uDhkw2AH8whXLVumU=
2024-07-11 10:59:38 - Operation: login, Data: essam,1234
2024-07-11 10:59:53 - Operation: tranferAmount, Data: 202100,203040,200,U5SRE2X7vWW+MP5ExhBVqdDXk6uDhkw2AH8whXLVumU=
2024-07-11 11:01:23 - Operation: logout, Data: essam
2024-07-11 11:02:02 - Operation: login, Data: essam,1234
2024-07-11 11:02:10 - Operation: getAccountNumber, Data: essam
2024-07-11 11:02:28 - Operation: tranferAmount, Data: 202100,203040,300,U5SRE2X7vWW+MP5ExhBVqdDXk6uDhkw2AH8whXLVumU=
2024-07-11 11:04:04 - Operation: tranferAmount, Data: 202100,203040,1000,U5SRE2X7vWW+MP5ExhBVqdDXk6uDhkw2AH8whXLVumU=
2024-07-11 11:06:19 - Operation: logout, Data: essam
2024-07-11 11:12:23 - Operation: login, Data: essam,1234
2024-07-11 11:13:10 - Operation: tranferAmount, Data: 202100,203040,500,U5SRE2X7vWW+MP5ExhBVqdDXk6uDhkw2AH8whXLVumU=
2024-07-11 11:13:23 - Operation: tranferAmount, Data: 202100,203040,200,h4Bk1Lkzw3B9tJSNLqmhigITmUXxvjRv83Gn1TUsCkA=
2024-07-11 11:13:42 - Operation: logout, Data: essam
2024-07-11 11:14:50 - Operation: login, Data: essam,1234
2024-07-11 11:16:30 - Operation: tranferAmount, Data: 202100,203040,1000,jELlrdvFqad7kRDogMysbX/LZ9BmupHHYn+gK4kvDoU=
2024-07-11 11:17:58 - Operation: tranferAmount, Data: 202100,203040,100,jELlrdvFqad7kRDogMysbX/LZ9BmupHHYn+gK4kvDoU=
2024-07-11 11:21:34 - Operation: logout, Data: essam
2024-07-11 12:00:49 - Operation: login, Data: essam,1324
2024-07-11 12:00:55 - Operation: login, Data: essam,1324
2024-07-11 12:01:15 - Operation: login, Data: essam,1234
2024-07-11 12:01:28 - Operation: tranferAmount, Data: 202100,203040,100,U5SRE2X7vWW+MP5ExhBVqdDXk6uDhkw2AH8whXLVumU=
2024-07-11 12:01:39 - Operation: tranferAmount, Data: 202100,203040,100,V15QDdtSnMLlsU3W5/6ziai24NfCsWK2vzGDHGTSNZI=
2024-07-11 12:03:59 - Operation: logout, Data: essam
2024-07-11 15:55:09 - Operation: login, Data: essam,1234
2024-07-11 15:55:22 - Operation: makeTransaction, Data: 10000,202100
2024-07-11 15:55:34 - Operation: tranferAmount, Data: 202100,203040,1000,ofzkNjhU/4iM/0uOeHXWAMJoI5BBKoz3mzfQsRFIsPo=
2024-07-11 15:57:55 - Operation: logout, Data: essam
2024-07-11 15:58:25 - Operation: login, Data: essam,1234
2024-07-11 15:58:38 - Operation: tranferAmount, Data: 202100,2057,100,ZcdMFaaGGHu2u/mVj0lPxrgAaANKZZqa1EmRsIxY8tI=
2024-07-11 15:58:54 - Operation: tranferAmount, Data: 202100,203040,1000,A1Rvsuz/WlXxNQvKByLwVdao2Fp8Fwkf6HM7QryZxQ0=
2024-07-11 15:59:19 - Operation: tranferAmount, Data: 202100,203040,1500,U5SRE2X7vWW+MP5ExhBVqdDXk6uDhkw2AH8whXLVumU=
2024-07-11 15:59:27 - Operation: transactionHistory, Data: 202100
2024-07-11 15:59:39 - Operation: getAccountNumber, Data: essam
2024-07-11 15:59:45 - Operation: logout, Data: essam
2024-07-11 16:22:32 - Operation: login, Data: essam,1234
2024-07-11 16:22:34 - Operation: getAccountNumber, Data: essam
2024-07-11 16:22:37 - Operation: logout, Data: essam
2024-07-11 16:40:20 - Operation: login, Data: essam,1234
2024-07-11 16:40:24 - Operation: logout, Data: essam
2024-07-11 16:40:53 - Operation: login, Data: mohamed,3456
2024-07-11 16:41:55 - Operation: createUser, Data: ahmed,3333,3333,ahmed essam,22,ahmed@gmail.com,ynWlAtX4Xvoc7bszONUej2wWx1i2ME0sFZTFeCszIDY=
2024-07-11 16:43:19 - Operation: login, Data: mohamed,3456
2024-07-11 16:43:51 - Operation: login, Data: mohamed,3456
2024-07-11 16:46:14 - Operation: createUser, Data: ahmed,3333,3333,ahmed essam,22,ahmed@gmail.com,ynWlAtX4Xvoc7bszONUej2wWx1i2ME0sFZTFeCszIDY=
2024-07-11 16:49:06 - Operation: login, Data: mohamed,3456
2024-07-11 16:49:36 - Operation: createUser, Data: ahmed,3333,3333,ahmed essam,22,ahmed@gmail.com
ynWlAtX4Xvoc7bszONUej2wWx1i2ME0sFZTFeCszIDY=
2024-07-11 16:50:09 - Operation: logout, Data: mohamed
2024-07-11 16:50:14 - Operation: login, Data: ahmed,3333
2024-07-11 16:50:35 - Operation: tranferAmount, Data: 14080,202100,100,ynWlAtX4Xvoc7bszONUej2wWx1i2ME0sFZTFeCszIDY=
2024-07-11 16:50:51 - Operation: makeTransaction, Data: 12000,14080
2024-07-11 16:51:07 - Operation: tranferAmount, Data: 14080,202100,1000,ynWlAtX4Xvoc7bszONUej2wWx1i2ME0sFZTFeCszIDY=
2024-07-11 16:51:50 - Operation: logout, Data: ahmed
2024-07-11 16:56:56 - Operation: login, Data: essam,1234
2024-07-11 16:57:16 - Operation: tranferAmount, Data: 202100,203040,50000,U5SRE2X7vWW+MP5ExhBVqdDXk6uDhkw2AH8whXLVumU=
2024-07-11 16:57:21 - Operation: logout, Data: essam
2024-07-12 05:38:53 - Operation: login, Data: essam,1234
2024-07-12 05:39:10 - Operation: logout, Data: essam
2024-07-12 05:40:02 - Operation: login, Data: essam,1234
2024-07-12 05:40:11 - Operation: logout, Data: essam
2024-07-12 05:45:09 - Operation: login, Data: essamq,wqd
2024-07-12 05:45:15 - Operation: login, Data: essam,dswdf
2024-07-12 05:45:20 - Operation: login, Data: essam,1234
2024-07-12 05:45:51 - Operation: logout, Data: essam
2024-07-12 05:51:12 - Operation: login, Data: essam,1234
2024-07-12 05:51:24 - Operation: transactionHistory, Data: 202100
2024-07-12 05:51:26 - Operation: logout, Data: essam
2024-07-12 05:51:35 - Operation: login, Data: mohamed,3456
2024-07-12 05:52:28 - Operation: logout, Data: mohamed
2024-07-12 05:53:02 - Operation: login, Data: mohamed,3456
2024-07-12 05:54:30 - Operation: logout, Data: mohamed
2024-07-12 05:54:45 - Operation: login, Data: mohamed,3456
2024-07-12 05:54:57 - Operation: getAccountNumber, Data: essam,admin
2024-07-12 05:55:00 - Operation: logout, Data: mohamed
2024-07-12 06:36:00 - Operation: login, Data: mohamed,3456
2024-07-12 06:36:10 - Operation: transactionHistory, Data: 202100 
2024-07-12 06:36:23 - Operation: login, Data: mohamed,3456
2024-07-12 06:36:34 - Operation: login, Data: mohamed,3456
2024-07-12 06:36:55 - Operation: login, Data: mohamed,3456
2024-07-12 06:37:02 - Operation: transactionHistory, Data: 202100
2024-07-12 06:37:05 - Operation: transactionHistory, Data: dsv
2024-07-12 06:42:18 - Operation: login, Data: mohamed,dqw
2024-07-12 06:42:23 - Operation: login, Data: mohamed,3456
2024-07-12 06:42:33 - Operation: transactionHistory, Data: srg
2024-07-12 06:42:42 - Operation: transactionHistory, Data: 202100
2024-07-12 06:42:56 - Operation: getAccountBalance, Data: rg,admin
2024-07-12 06:43:05 - Operation: getAccountBalance, Data: fv,admin
2024-07-12 06:43:13 - Operation: getAccountBalance, Data: 202100,admin
2024-07-12 06:43:18 - Operation: getAccountBalance, Data: fg,admin
2024-07-12 06:49:54 - Operation: logout, Data: mohamed
2024-07-12 06:51:16 - Operation: login, Data: mohamed,3
2024-07-12 06:51:21 - Operation: login, Data: mohamed,3456
2024-07-12 06:51:25 - Operation: transactionHistory, Data: dfb
2024-07-12 06:51:27 - Operation: transactionHistory, Data:  
2024-07-12 06:51:39 - Operation: getAccountBalance, Data: fdv,admin
2024-07-12 06:51:45 - Operation: getAccountBalance, Data: vv,admin
2024-07-12 06:51:51 - Operation: getAccountNumber, Data: vdfv,admin
2024-07-12 06:51:59 - Operation: getAccountNumber, Data:  ,admin
2024-07-12 06:52:47 - Operation: logout, Data: mohamed
2024-07-12 07:40:09 - Operation: login, Data: mohamed,3456
2024-07-12 07:40:12 - Operation: getAccountNumber, Data: weqeee,admin
2024-07-12 07:40:18 - Operation: getAccountNumber, Data: few,admin
2024-07-12 07:40:22 - Operation: getAccountBalance, Data: fewf,admin
2024-07-12 07:40:27 - Operation: getAccountNumber, Data:   ,admin
2024-07-12 07:40:33 - Operation: logout, Data: mohamed
2024-07-12 08:39:10 - Operation: login, Data: essam,1234
2024-07-12 08:39:17 - Operation: getAccountNumber, Data: essam
2024-07-12 08:39:18 - Operation: getAccountBalance, Data: 202100
2024-07-12 08:39:59 - Operation: transactionHistory, Data: 202100
2024-07-12 08:40:13 - Operation: makeTransaction, Data: 300,202100
2024-07-12 08:40:17 - Operation: transactionHistory, Data: 202100
2024-07-12 08:40:20 - Operation: transactionHistory, Data: 202100
2024-07-12 08:40:24 - Operation: makeTransaction, Data: -100,202100
2024-07-12 08:40:26 - Operation: transactionHistory, Data: 202100
2024-07-12 08:40:41 - Operation: tranferAmount, Data: 202100,32,10,JBs5tmJi1zs0HSndLWCoyrwqr0VrwXn7mqAryeUtSA8=
2024-07-12 08:41:13 - Operation: tranferAmount, Data: 202100,202100,300,U5SRE2X7vWW+MP5ExhBVqdDXk6uDhkw2AH8whXLVumU=
2024-07-12 08:42:18 - Operation: tranferAmount, Data: 202100,444555,2000,U5SRE2X7vWW+MP5ExhBVqdDXk6uDhkw2AH8whXLVumU=
2024-07-12 08:42:42 - Operation: logout, Data: essam
2024-07-12 08:42:56 - Operation: login, Data: mohamed,3456
2024-07-12 08:43:01 - Operation: getAccountNumber, Data: essam,admin
2024-07-12 08:43:07 - Operation: getAccountBalance, Data: 202100,admin
2024-07-12 08:43:17 - Operation: transactionHistory, Data: 202100
2024-07-12 09:03:51 - Operation: logout, Data: mohamed
2024-07-12 09:04:14 - Operation: login, Data: essam,1234
2024-07-12 09:04:49 - Operation: tranferAmount, Data: 202100,202100,500,U5SRE2X7vWW+MP5ExhBVqdDXk6uDhkw2AH8whXLVumU=
2024-07-12 09:05:27 - Operation: tranferAmount, Data: 202100,203040,500,U5SRE2X7vWW+MP5ExhBVqdDXk6uDhkw2AH8whXLVumU=
2024-07-12 09:06:38 - Operation: logout, Data: essam
2024-07-12 09:06:55 - Operation: login, Data: essam,1234
2024-07-12 09:07:15 - Operation: tranferAmount, Data: 202100,202100,500,U5SRE2X7vWW+MP5ExhBVqdDXk6uDhkw2AH8whXLVumU=
2024-07-12 09:07:41 - Operation: tranferAmount, Data: 202100,203040,500,U5SRE2X7vWW+MP5ExhBVqdDXk6uDhkw2AH8whXLVumU=
2024-07-12 09:08:27 - Operation: tranferAmount, Data: 202100,203040,400,U5SRE2X7vWW+MP5ExhBVqdDXk6uDhkw2AH8whXLVumU=
2024-07-12 09:08:38 - Operation: logout, Data: essam
2024-07-12 09:09:53 - Operation: login, Data: essam,1234
2024-07-12 09:10:05 - Operation: tranferAmount, Data: 202100,203040,500,U5SRE2X7vWW+MP5ExhBVqdDXk6uDhkw2AH8whXLVumU=
2024-07-12 09:10:07 - Operation: logout, Data: essam
2024-07-12 14:44:37 - Operation: login, Data: essam,1234
2024-07-12 14:44:50 - Operation: tranferAmount, Data: 202100,rfeg,1000,3nrMLsRqX7OfLFH8ReejhRA2znadEMRnU5Dqu3XxvE8=
2024-07-12 14:45:07 - Operation: tranferAmount, Data: 202100,203040,1000,DAAUC1vsb0ocHW6lov2e1ALwSds6bn5vWPwF3ymjTH8=
2024-07-12 14:45:22 - Operation: tranferAmount, Data: 202100,202100,1000,U5SRE2X7vWW+MP5ExhBVqdDXk6uDhkw2AH8whXLVumU=
2024-07-12 14:46:22 - Operation: tranferAmount, Data: 202100,203040,1000,U5SRE2X7vWW+MP5ExhBVqdDXk6uDhkw2AH8whXLVumU=
2024-07-12 14:48:20 - Operation: tranferAmount, Data: 202100,203040,1500,U5SRE2X7vWW+MP5ExhBVqdDXk6uDhkw2AH8whXLVumU=
2024-07-12 14:53:56 - Operation: logout, Data: essam
2024-07-12 14:54:20 - Operation: login, Data: essam,1234
2024-07-12 14:54:46 - Operation: tranferAmount, Data: 202100,203040,200,U5SRE2X7vWW+MP5ExhBVqdDXk6uDhkw2AH8whXLVumU=
2024-07-12 14:55:15 - Operation: logout, Data: essam
2024-07-12 14:55:37 - Operation: login, Data: essam,1234
2024-07-12 14:55:54 - Operation: tranferAmount, Data: 202100,203040,300,U5SRE2X7vWW+MP5ExhBVqdDXk6uDhkw2AH8whXLVumU=
2024-07-12 14:59:04 - Operation: logout, Data: essam
2024-07-12 14:59:42 - Operation: login, Data: essam,1234
2024-07-12 14:59:56 - Operation: tranferAmount, Data: 202100,203040,350,U5SRE2X7vWW+MP5ExhBVqdDXk6uDhkw2AH8whXLVumU=
2024-07-12 15:00:35 - Operation: login, Data: essam,1234
2024-07-12 15:00:51 - Operation: tranferAmount, Data: 202100,203040,1200,U5SRE2X7vWW+MP5ExhBVqdDXk6uDhkw2AH8whXLVumU=
2024-07-12 15:04:09 - Operation: logout, Data: essam
2024-07-12 15:04:26 - Operation: login, Data: essam,1234
2024-07-12 15:04:42 - Operation: tranferAmount, Data: 202100,203040,1000,U5SRE2X7vWW+MP5ExhBVqdDXk6uDhkw2AH8whXLVumU=
2024-07-12 15:05:08 - Operation: tranferAmount, Data: 202100,203040,100,U5SRE2X7vWW+MP5ExhBVqdDXk6uDhkw2AH8whXLVumU=
2024-07-12 15:05:20 - Operation: logout, Data: essam
2024-07-12 16:09:40 - Operation: login, Data: essam,1234
2024-07-12 16:10:16 - Operation: tranferAmount, Data: 202100,203040,800,U5SRE2X7vWW+MP5ExhBVqdDXk6uDhkw2AH8whXLVumU=
2024-07-12 16:16:36 - Operation: logout, Data: essam
2024-07-12 16:16:59 - Operation: login, Data: essam,1234
2024-07-12 16:17:12 - Operation: tranferAmount, Data: 202100,203040,100,U5SRE2X7vWW+MP5ExhBVqdDXk6uDhkw2AH8whXLVumU=
2024-07-12 16:17:34 - Operation: getAccountBalance, Data: 202100
2024-07-12 16:18:09 - Operation: tranferAmount, Data: 202100,202100,100,U5SRE2X7vWW+MP5ExhBVqdDXk6uDhkw2AH8whXLVumU=
2024-07-12 16:18:33 - Operation: tranferAmount, Data: 202100,444555,200,U5SRE2X7vWW+MP5ExhBVqdDXk6uDhkw2AH8whXLVumU=
2024-07-12 16:18:54 - Operation: tranferAmount, Data: 202100,203040,9000,U5SRE2X7vWW+MP5ExhBVqdDXk6uDhkw2AH8whXLVumU=
2024-07-12 16:19:16 - Operation: tranferAmount, Data: 202100,4568,100,47DEQpj8HBSa+/TImW+5JCeuQeRkm5NMpJWZG3hSuFU=
2024-07-12 16:19:26 - Operation: tranferAmount, Data: 202100,203040,100,47DEQpj8HBSa+/TImW+5JCeuQeRkm5NMpJWZG3hSuFU=
2024-07-12 16:19:28 - Operation: getAccountBalance, Data: 202100
2024-07-12 16:19:44 - Operation: makeTransaction, Data: -500,202100
2024-07-12 16:19:51 - Operation: transactionHistory, Data: 202100
2024-07-12 16:19:57 - Operation: logout, Data: essam
2024-07-12 17:43:01 - Operation: login, Data: essam,1234
2024-07-12 17:43:03 - Operation: getAccountNumber, Data: essam
2024-07-12 17:43:05 - Operation: transactionHistory, Data: 202100
2024-07-12 17:43:18 - Operation: makeTransaction, Data: -400,202100
2024-07-12 17:44:06 - Operation: tranferAmount, Data: 202100,202100,300,U5SRE2X7vWW+MP5ExhBVqdDXk6uDhkw2AH8whXLVumU=
2024-07-12 17:44:37 - Operation: tranferAmount, Data: 202100,203040,9000,V15QDdtSnMLlsU3W5/6ziai24NfCsWK2vzGDHGTSNZI=
2024-07-12 17:44:57 - Operation: tranferAmount, Data: 202100,203040,100,tr6qdAKAbDOWubQAFWf/RJatr/c7Jt7KNqvEyOrku58=
2024-07-12 17:45:29 - Operation: tranferAmount, Data: 202100,203040,200,U5SRE2X7vWW+MP5ExhBVqdDXk6uDhkw2AH8whXLVumU=
2024-07-12 17:45:33 - Operation: transactionHistory, Data: 202100
2024-07-12 17:45:43 - Operation: logout, Data: essam
2024-07-12 17:46:01 - Operation: login, Data: maged,3010
2024-07-12 17:46:06 - Operation: transactionHistory, Data: 203040
2024-07-12 17:46:26 - Operation: tranferAmount, Data: 203040,202100,200,T1xDxzyW4VM+zgcKgtQEBKlr7kGr3ih45a6bmW+CykQ=
2024-07-12 17:46:54 - Operation: tranferAmount, Data: 203040,202100,2000,U5SRE2X7vWW+MP5ExhBVqdDXk6uDhkw2AH8whXLVumU=
2024-07-12 17:47:05 - Operation: logout, Data: maged
2024-07-12 17:47:09 - Operation: login, Data: essam,1234
2024-07-12 17:47:22 - Operation: tranferAmount, Data: 202100,203040,2000,OKHb+sFzvcJUZ5zlu1jAW2vZgFLUQoZdfL+cGn3xTyA=
2024-07-12 17:47:37 - Operation: getAccountNumber, Data: essam
2024-07-12 17:47:52 - Operation: logout, Data: essam
2024-07-12 17:49:06 - Operation: login, Data: essam,1234
2024-07-12 17:49:08 - Operation: getAccountNumber, Data: essam
2024-07-12 17:49:25 - Operation: login, Data: maged,3010
2024-07-12 17:49:27 - Operation: getAccountNumber, Data: maged
2024-07-12 17:49:29 - Operation: getAccountNumber, Data: essam
2024-07-12 17:49:31 - Operation: transactionHistory, Data: 202100
2024-07-12 17:49:37 - Operation: transactionHistory, Data: 203040
2024-07-12 17:50:16 - Operation: tranferAmount, Data: 203040,202100,2000,U5SRE2X7vWW+MP5ExhBVqdDXk6uDhkw2AH8whXLVumU=
2024-07-12 17:50:27 - Operation: transactionHistory, Data: 203040
2024-07-12 17:50:31 - Operation: transactionHistory, Data: 203040
2024-07-12 17:50:36 - Operation: transactionHistory, Data: 202100
2024-07-12 17:50:40 - Operation: transactionHistory, Data: 202100
2024-07-12 17:50:59 - Operation: getAccountNumber, Data: essam
2024-07-12 17:51:01 - Operation: transactionHistory, Data: 202100
2024-07-12 17:51:30 - Operation: tranferAmount, Data: 202100,203040,1000,U5SRE2X7vWW+MP5ExhBVqdDXk6uDhkw2AH8whXLVumU=
2024-07-12 17:51:46 - Operation: logout, Data: essam
2024-07-12 17:51:54 - Operation: logout, Data: maged
2024-07-12 17:52:25 - Operation: login, Data: essam,1234
2024-07-12 17:52:44 - Operation: login, Data: maged,3010
2024-07-12 17:52:53 - Operation: makeTransaction, Data: -1000,203040
2024-07-12 17:53:14 - Operation: makeTransaction, Data: -10000,203040
2024-07-12 17:53:28 - Operation: makeTransaction, Data: 10000,203040
2024-07-12 17:53:53 - Operation: makeTransaction, Data: 2200,202100
2024-07-12 17:53:57 - Operation: transactionHistory, Data: 202100
2024-07-12 17:54:01 - Operation: transactionHistory, Data: 203040
2024-07-12 17:54:14 - Operation: transactionHistory, Data: 202100
2024-07-12 17:54:43 - Operation: tranferAmount, Data: 202100,203040,1000,U5SRE2X7vWW+MP5ExhBVqdDXk6uDhkw2AH8whXLVumU=
2024-07-12 17:54:48 - Operation: transactionHistory, Data: 202100
2024-07-12 17:55:21 - Operation: tranferAmount, Data: 203040,202100,500,U5SRE2X7vWW+MP5ExhBVqdDXk6uDhkw2AH8whXLVumU=
2024-07-12 17:56:14 - Operation: tranferAmount, Data: 203040,202100,800,U5SRE2X7vWW+MP5ExhBVqdDXk6uDhkw2AH8whXLVumU=
2024-07-12 17:56:52 - Operation: transactionHistory, Data: 202100
2024-07-12 17:56:53 - Operation: transactionHistory, Data: 203040
2024-07-12 17:57:50 - Operation: logout, Data: maged
2024-07-12 17:57:53 - Operation: logout, Data: essam
2024-07-12 18:00:27 - Operation: login, Data: mohamed,3456
2024-07-12 18:01:22 - Operation: createUser, Data: ahmed,1234,1234,ahmed essam,25,ahmed@gmail.com
ynWlAtX4Xvoc7bszONUej2wWx1i2ME0sFZTFeCszIDY=
2024-07-12 18:01:36 - Operation: getAccountNumber, Data: ahmed,admin
2024-07-12 18:01:46 - Operation: getAccountBalance, Data: 135421,admin
2024-07-12 18:01:54 - Operation: viewBankDB, Data: 
2024-07-12 18:02:03 - Operation: logout, Data: mohamed
2024-07-12 18:02:12 - Operation: login, Data: ahmed,1234
2024-07-12 18:02:24 - Operation: login, Data: essam,1234
2024-07-12 18:02:43 - Operation: tranferAmount, Data: 202100,135421,2000,U5SRE2X7vWW+MP5ExhBVqdDXk6uDhkw2AH8whXLVumU=
2024-07-12 18:02:53 - Operation: logout, Data: ahmed
2024-07-12 18:03:02 - Operation: tranferAmount, Data: 202100,135421,1000,U5SRE2X7vWW+MP5ExhBVqdDXk6uDhkw2AH8whXLVumU=
2024-07-12 18:03:09 - Operation: logout, Data: essam
2024-07-12 18:03:38 - Operation: login, Data: essam,1234
2024-07-12 18:03:52 - Operation: tranferAmount, Data: 202100,135421,2000,U5SRE2X7vWW+MP5ExhBVqdDXk6uDhkw2AH8whXLVumU=
2024-07-12 18:06:24 - Operation: login, Data: essam,1234
2024-07-12 18:06:37 - Operation: tranferAmount, Data: 202100,135421,2000,U5SRE2X7vWW+MP5ExhBVqdDXk6uDhkw2AH8whXLVumU=
2024-07-12 18:06:41 - Operation: logout, Data: essam
2024-07-12 18:10:17 - Operation: login, Data: essam,1234
2024-07-12 18:10:44 - Operation: tranferAmount, Data: 202100,135421,2000,U5SRE2X7vWW+MP5ExhBVqdDXk6uDhkw2AH8whXLVumU=
2024-07-12 18:12:50 - Operation: logout, Data: essam
2024-07-12 18:13:12 - Operation: login, Data: essam,1234
2024-07-12 18:13:24 - Operation: tranferAmount, Data: 202100,135421,1000,U5SRE2X7vWW+MP5ExhBVqdDXk6uDhkw2AH8whXLVumU=
2024-07-12 18:15:15 - Operation: logout, Data: essam
2024-07-12 18:15:37 - Operation: login, Data: essam,1234
2024-07-12 18:15:48 - Operation: tranferAmount, Data: 202100,135421,2000,JdHrPWSoUcOVZb5NFQRfHbh1fEBX78/28lRN1EoxbHI=
2024-07-12 18:16:02 - Operation: tranferAmount, Data: 202100,135421,200000,U5SRE2X7vWW+MP5ExhBVqdDXk6uDhkw2AH8whXLVumU=
2024-07-12 18:16:11 - Operation: tranferAmount, Data: 202100,135421,2000,U5SRE2X7vWW+MP5ExhBVqdDXk6uDhkw2AH8whXLVumU=
2024-07-12 18:16:28 - Operation: logout, Data: essam
2024-07-12 18:30:50 - Operation: login, Data: essam,1234
2024-07-12 18:31:05 - Operation: tranferAmount, Data: 202100,135421,4000,U5SRE2X7vWW+MP5ExhBVqdDXk6uDhkw2AH8whXLVumU=
2024-07-12 18:33:33 - Operation: login, Data: essam,1234
2024-07-12 18:33:45 - Operation: tranferAmount, Data: 202100,135421,4000,U5SRE2X7vWW+MP5ExhBVqdDXk6uDhkw2AH8whXLVumU=
2024-07-12 18:37:01 - Operation: logout, Data: essam
2024-07-12 18:38:45 - Operation: login, Data: essam,1234
2024-07-12 18:39:13 - Operation: tranferAmount, Data: 202100,135421,2000,U5SRE2X7vWW+MP5ExhBVqdDXk6uDhkw2AH8whXLVumU=
2024-07-12 18:39:21 - Operation: logout, Data: essam
2024-07-12 18:45:12 - Operation: login, Data: essam,1234
2024-07-12 18:45:18 - Operation: transactionHistory, Data: 202100
2024-07-12 18:45:40 - Operation: tranferAmount, Data: 202100,203040,1000,U5SRE2X7vWW+MP5ExhBVqdDXk6uDhkw2AH8whXLVumU=
2024-07-12 18:45:54 - Operation: logout, Data: essam
2024-07-12 18:46:24 - Operation: login, Data: essam,1234
2024-07-12 18:46:37 - Operation: tranferAmount, Data: 202100,453,1000,U5SRE2X7vWW+MP5ExhBVqdDXk6uDhkw2AH8whXLVumU=
2024-07-12 18:46:40 - Operation: getAccountBalance, Data: 202100
2024-07-12 18:46:57 - Operation: tranferAmount, Data: 202100,203040,9000,iAl9hPRvFIAQR8YMBUJdmLc1g5XVqLkR7SCJkXid1K4=
2024-07-12 18:47:15 - Operation: tranferAmount, Data: 202100,203040,8000,tr6qdAKAbDOWubQAFWf/RJatr/c7Jt7KNqvEyOrku58=
2024-07-12 18:47:44 - Operation: tranferAmount, Data: 202100,203040,9000,TKZprDcT0fSuoH2ujcwNHJhn0n6oKjuk5hWKQiBvlZs=
2024-07-12 18:47:48 - Operation: getAccountBalance, Data: 202100
2024-07-12 18:47:50 - Operation: getAccountBalance, Data: 202100
2024-07-12 18:48:06 - Operation: tranferAmount, Data: 202100,203040,2000,XJd5zukr1fmgmCCHJRf4zuXb8qAzLZbaqDwfNTDDZoM=
2024-07-12 18:48:21 - Operation: tranferAmount, Data: 202100,444555,2000,U5SRE2X7vWW+MP5ExhBVqdDXk6uDhkw2AH8whXLVumU=
2024-07-12 18:48:27 - Operation: transactionHistory, Data: 202100
2024-07-12 18:48:31 - Operation: logout, Data: essam
2024-07-12 18:49:47 - Operation: login, Data: essaam,1234
2024-07-12 18:49:55 - Operation: login, Data: essam,1234
2024-07-12 18:50:19 - Operation: tranferAmount, Data: 202100,203040,1000,U5SRE2X7vWW+MP5ExhBVqdDXk6uDhkw2AH8whXLVumU=
2024-07-12 18:50:46 - Operation: logout, Data: essam
2024-07-12 18:54:19 - Operation: login, Data: essam,1234
2024-07-12 18:54:34 - Operation: tranferAmount, Data: 202100,203040,1000,U5SRE2X7vWW+MP5ExhBVqdDXk6uDhkw2AH8whXLVumU=
2024-07-12 19:01:59 - Operation: logout, Data: essam
2024-07-12 19:02:27 - Operation: login, Data: essam,1234
2024-07-12 19:02:44 - Operation: tranferAmount, Data: 202100,203040,1000,U5SRE2X7vWW+MP5ExhBVqdDXk6uDhkw2AH8whXLVumU=
2024-07-12 19:02:59 - Operation: tranferAmount, Data: 202100,erge,1000,U5SRE2X7vWW+MP5ExhBVqdDXk6uDhkw2AH8whXLVumU=
2024-07-12 19:03:24 - Operation: tranferAmount, Data: 202100,203040,8000,U5SRE2X7vWW+MP5ExhBVqdDXk6uDhkw2AH8whXLVumU=
2024-07-12 19:03:33 - Operation: transactionHistory, Data: 202100
2024-07-12 19:03:49 - Operation: tranferAmount, Data: 202100,203040,1000,MsIgSCxoQT+/gpDjseSbCoWQHPzWKrBzh2BWiipuilc=
2024-07-12 19:03:57 - Operation: tranferAmount, Data: 202100,203040,1000,U5SRE2X7vWW+MP5ExhBVqdDXk6uDhkw2AH8whXLVumU=
2024-07-12 19:04:01 - Operation: transactionHistory, Data: 202100
2024-07-12 19:04:05 - Operation: logout, Data: essam
2024-07-12 19:07:15 - Operation: login, Data: essam,1234
2024-07-12 19:07:21 - Operation: login, Data: ahmed,1234
2024-07-12 19:07:30 - Operation: transactionHistory, Data: 202100
2024-07-12 19:07:32 - Operation: transactionHistory, Data: 203040
2024-07-12 19:07:54 - Operation: tranferAmount, Data: 202100,203040,500,U5SRE2X7vWW+MP5ExhBVqdDXk6uDhkw2AH8whXLVumU=
2024-07-12 19:07:56 - Operation: transactionHistory, Data: 203040
2024-07-12 19:08:18 - Operation: tranferAmount, Data: 203040,202100,600,ynWlAtX4Xvoc7bszONUej2wWx1i2ME0sFZTFeCszIDY=
2024-07-12 19:08:21 - Operation: transactionHistory, Data: 203040
2024-07-12 19:08:23 - Operation: transactionHistory, Data: 202100
2024-07-12 19:08:34 - Operation: logout, Data: ahmed
2024-07-12 19:08:35 - Operation: logout, Data: essam
2024-07-12 19:16:12 - Operation: login, Data: essam,1234
2024-07-12 19:16:30 - Operation: tranferAmount, Data: 202100,202100,500,U5SRE2X7vWW+MP5ExhBVqdDXk6uDhkw2AH8whXLVumU=
2024-07-12 19:16:53 - Operation: tranferAmount, Data: 202100,444555,500,U5SRE2X7vWW+MP5ExhBVqdDXk6uDhkw2AH8whXLVumU=
2024-07-12 19:17:16 - Operation: tranferAmount, Data: 202100,203040,500,U5SRE2X7vWW+MP5ExhBVqdDXk6uDhkw2AH8whXLVumU=
2024-07-12 19:17:18 - Operation: logout, Data: essam
2024-07-13 06:38:31 - Operation: login, Data: essam,1234
2024-07-13 06:38:45 - Operation: makeTransaction, Data: 3000,202100
2024-07-13 06:38:54 - Operation: makeTransaction, Data: -1000,202100
2024-07-13 06:39:07 - Operation: tranferAmount, Data: 202100,203040,3000,U5SRE2X7vWW+MP5ExhBVqdDXk6uDhkw2AH8whXLVumU=
2024-07-13 06:39:09 - Operation: logout, Data: essam
2024-07-13 06:39:21 - Operation: login, Data: ahmed,1234
2024-07-13 06:39:32 - Operation: makeTransaction, Data: 10000,203040
2024-07-13 06:39:56 - Operation: tranferAmount, Data: 203040,202100,5000,ynWlAtX4Xvoc7bszONUej2wWx1i2ME0sFZTFeCszIDY=
2024-07-13 06:39:59 - Operation: logout, Data: ahmed
2024-07-13 06:40:41 - Operation: login, Data: mohamed,3456
2024-07-13 06:40:46 - Operation: getAccountNumber, Data: essam,admin
2024-07-13 06:40:51 - Operation: getAccountBalance, Data: 202100,admin
2024-07-13 06:41:02 - Operation: transactionHistory, Data: 202100
2024-07-13 06:41:16 - Operation: transactionHistory, Data: 203040
2024-07-13 06:41:29 - Operation: transactionHistory, Data: 87
2024-07-13 06:41:37 - Operation: logout, Data: mohamed
2024-07-13 07:52:39 - Operation: login, Data: essam,1234
2024-07-13 07:52:41 - Operation: getAccountNumber, Data: essam
2024-07-13 07:52:43 - Operation: transactionHistory, Data: 202100
2024-07-13 07:52:48 - Operation: makeTransaction, Data: 5000,202100
2024-07-13 07:52:53 - Operation: makeTransaction, Data: 1000,202100
2024-07-13 07:53:31 - Operation: tranferAmount, Data: 202100,203040,500,U5SRE2X7vWW+MP5ExhBVqdDXk6uDhkw2AH8whXLVumU=
2024-07-13 07:53:34 - Operation: logout, Data: essam
2024-07-13 07:53:35 - Operation: logout, Data: essam
2024-07-13 07:53:47 - Operation: login, Data: ahmed,1234
2024-07-13 07:53:51 - Operation: getAccountNumber, Data: ahmed
2024-07-13 07:53:54 - Operation: transactionHistory, Data: 203040
2024-07-13 07:54:01 - Operation: makeTransaction, Data: 2000,203040
2024-07-13 07:54:07 - Operation: makeTransaction, Data: -1000,203040
2024-07-13 07:54:27 - Operation: tranferAmount, Data: 203040,202100,3000,ynWlAtX4Xvoc7bszONUej2wWx1i2ME0sFZTFeCszIDY=
2024-07-13 07:54:45 - Operation: tranferAmount, Data: 203040,202100,200,ynWlAtX4Xvoc7bszONUej2wWx1i2ME0sFZTFeCszIDY=
2024-07-13 07:54:46 - Operation: logout, Data: ahmed
2024-07-13 07:54:46 - Operation: logout, Data: ahmed
2024-07-13 07:55:04 - Operation: login, Data: mohamed,3456
2024-07-13 07:55:10 - Operation: getAccountNumber, Data: essam,admin
2024-07-13 07:55:18 - Operation: getAccountBalance, Data: 202100,admin
2024-07-13 07:55:25 - Operation: transactionHistory, Data: 202100
2024-07-13 07:55:30 - Operation: viewBankDB, Data: 
2024-07-13 07:55:35 - Operation: logout, Data: mohamed
2024-07-13 07:55:35 - Operation: logout, Data: mohamed
2024-07-13 09:01:39 - Operation: login, Data: essam,1234
2024-07-13 09:02:14 - Operation: login, Data: ahmed,1234
2024-07-13 09:02:17 - Operation: getAccountNumber, Data: essam
2024-07-13 09:02:19 - Operation: getAccountBalance, Data: 202100
2024-07-13 09:02:48 - Operation: getAccountBalance, Data: 203040
2024-07-13 09:02:52 - Operation: getAccountNumber, Data: ahmed
2024-07-13 09:02:55 - Operation: transactionHistory, Data: 202100
2024-07-13 09:02:56 - Operation: transactionHistory, Data: 203040
2024-07-13 09:03:08 - Operation: makeTransaction, Data: 2000,202100
2024-07-13 09:03:10 - Operation: makeTransaction, Data: 5000,203040
2024-07-13 09:03:29 - Operation: makeTransaction, Data: -1000,202100
2024-07-13 09:03:34 - Operation: makeTransaction, Data: -500,203040
2024-07-13 09:03:47 - Operation: tranferAmount, Data: 202100,203040,1200,U5SRE2X7vWW+MP5ExhBVqdDXk6uDhkw2AH8whXLVumU=
2024-07-13 09:04:00 - Operation: tranferAmount, Data: 203040,202100,400,ynWlAtX4Xvoc7bszONUej2wWx1i2ME0sFZTFeCszIDY=
2024-07-13 09:04:11 - Operation: transactionHistory, Data: 202100
2024-07-13 09:04:12 - Operation: transactionHistory, Data: 203040
2024-07-13 09:04:25 - Operation: logout, Data: ahmed
2024-07-13 09:04:25 - Operation: logout, Data: ahmed
2024-07-13 09:04:26 - Operation: logout, Data: essam
2024-07-13 09:04:26 - Operation: logout, Data: essam
2024-07-13 09:04:31 - Operation: login, Data: mohamed,3456
2024-07-13 09:04:36 - Operation: login, Data: mohamed,3456
2024-07-13 09:04:41 - Operation: getAccountNumber, Data: essam,admin
2024-07-13 09:04:44 - Operation: getAccountNumber, Data: ahmed,admin
2024-07-13 09:04:49 - Operation: getAccountBalance, Data: 202100,admin
2024-07-13 09:05:00 - Operation: getAccountBalance, Data: 203040,admin
2024-07-13 09:05:12 - Operation: transactionHistory, Data: 203040
2024-07-13 09:05:21 - Operation: viewBankDB, Data: 
2024-07-13 09:06:21 - Operation: createUser, Data: mohanad,1111,1111,mohanad el khatany,26,mohanaed@gmail.com
ufxGkUCtcNCpC+aHfJ0GIx/dxTfhkD4BjI4CSL6Kb+c=
2024-07-13 09:06:33 - Operation: getAccountBalance, Data: 832301,admin
2024-07-13 09:06:38 - Operation: getAccountBalance, Data: dqw,admin
2024-07-13 09:07:04 - Operation: updateUser, Data: 832301,mohanad el mohanad,,,1111,,
2024-07-13 09:07:17 - Operation: viewBankDB, Data: 
2024-07-13 09:07:38 - Operation: deleteUser, Data: 832301
2024-07-13 09:07:40 - Operation: logout, Data: mohamed
2024-07-13 09:07:40 - Operation: logout, Data: mohamed
2024-07-13 09:14:16 - Operation: login, Data: mohamed,3456
2024-07-13 09:14:35 - Operation: updateUser, Data: 444555,moga,22,gthrt,3456,5555,5555
2024-07-13 09:17:12 - Operation: logout, Data: mohamed
2024-07-13 09:17:12 - Operation: logout, Data: mohamed
2024-07-13 09:18:04 - Operation: login, Data: mohamed,3456
2024-07-13 09:18:23 - Operation: updateUser, Data: 444555,vfdsg,22,wfw,3456,5555,5555
2024-07-13 09:18:36 - Operation: logout, Data: mohamed
2024-07-13 09:18:37 - Operation: logout, Data: mohamed
2024-07-13 09:19:03 - Operation: login, Data: mohamed,3456
2024-07-13 09:19:19 - Operation: updateUser, Data: 444555,defw,55,reggetr,3456,2222,2222
2024-07-13 09:22:09 - Operation: logout, Data: mohamed
2024-07-13 09:22:09 - Operation: logout, Data: mohamed
